<?xml version="1.0" encoding="UTF-8"?>
<testng-results ignored="0" total="1" passed="1" failed="0" skipped="0">
  <reporter-output>
  </reporter-output>
  <suite started-at="2023-06-12T17:27:23 IST" name="Default suite" finished-at="2023-06-12T17:27:23 IST" duration-ms="44">
    <groups>
    </groups>
    <test started-at="2023-06-12T17:27:23 IST" name="Default test" finished-at="2023-06-12T17:27:23 IST" duration-ms="44">
      <class name="Static_test.test1">
        <test-method signature="echoIt()[pri:0, instance:Static_test.test1@2e1d27ba]" started-at="2023-06-12T17:27:23 IST" name="echoIt" finished-at="2023-06-12T17:27:23 IST" duration-ms="9" status="PASS">
          <reporter-output>
          </reporter-output>
        </test-method> <!-- echoIt -->
      </class> <!-- Static_test.test1 -->
    </test> <!-- Default test -->
  </suite> <!-- Default suite -->
</testng-results>
