<?xml version="1.0" encoding="UTF-8"?>
<testng-results ignored="0" total="1" passed="1" failed="0" skipped="0">
  <reporter-output>
  </reporter-output>
  <suite started-at="2023-03-31T09:42:57 IST" name="Default suite" finished-at="2023-03-31T12:56:42 IST" duration-ms="11624881">
    <groups>
    </groups>
    <test started-at="2023-03-31T09:42:57 IST" name="Default test" finished-at="2023-03-31T12:56:42 IST" duration-ms="11624881">
      <class name="bookingOtaVR.GoogleBot">
        <test-method signature="TestData()[pri:0, instance:bookingOtaVR.GoogleBot@383bfa16]" started-at="2023-03-31T09:42:57 IST" name="TestData" finished-at="2023-03-31T12:56:42 IST" duration-ms="11624827" status="PASS">
          <reporter-output>
          </reporter-output>
        </test-method> <!-- TestData -->
      </class> <!-- bookingOtaVR.GoogleBot -->
    </test> <!-- Default test -->
  </suite> <!-- Default suite -->
</testng-results>
